<?xml version="1.0" encoding="UTF-8"?>
<!-- Generated by org.testng.reporters.JUnitReportReporter -->
<testsuite hostname="VenkatM3IN" failures="0" tests="2" name="com.Appium.Testcases.TC_Calculator_001" time="17.282" errors="0" timestamp="2021-12-25T13:07:39 IST" skipped="0">
  <testcase classname="com.Appium.Testcases.TC_Calculator_001" name="ValidateMultiplicationOf9and8" time="8.141"/>
  <system-out/>
  <testcase classname="com.Appium.Testcases.TC_Calculator_001" name="ValidateAdditionOf7and8" time="9.141"/>
  <system-out/>
</testsuite> <!-- com.Appium.Testcases.TC_Calculator_001 -->
