<?xml version="1.0" encoding="UTF-8"?>
<!-- Generated by org.testng.reporters.JUnitReportReporter -->
<testsuite hostname="VenkatM3IN" failures="0" tests="1" name="com.Appium.Testcases.TC_Calculator_001" time="8.804" errors="0" timestamp="2021-12-25T10:45:14 IST" skipped="0">
  <testcase classname="com.Appium.Testcases.TC_Calculator_001" name="Add_Calculator" time="8.804"/>
  <system-out/>
</testsuite> <!-- com.Appium.Testcases.TC_Calculator_001 -->
