<?xml version="1.0" encoding="UTF-8"?>
<!-- Generated by org.testng.reporters.JUnitReportReporter -->
<testsuite hostname="VenkatM3IN" failures="0" tests="1" name="com.Appium.Testcases.TC_Dialer_002" time="0.009" errors="0" timestamp="2021-12-25T13:07:39 IST" skipped="0">
  <testcase classname="com.Appium.Testcases.TC_Dialer_002" name="DailingANumber" time="0.009"/>
  <system-out/>
</testsuite> <!-- com.Appium.Testcases.TC_Dialer_002 -->
